[vpex:24639] core @2017-11-23 00:12:54> looking for get / in /usr/share/perl5/Dancer2/Core/App.pm l. 1310
[vpex:24639] core @2017-11-23 00:12:54> Entering hook core.error.init in (eval 217) l. 1
[vpex:24639] core @2017-11-23 00:12:54> Entering hook core.error.before in (eval 217) l. 1
[vpex:24639] core @2017-11-23 00:12:54> Entering hook core.error.after in (eval 217) l. 1
[vpex:24639] core @2017-11-23 00:12:54> Entering hook core.error.init in (eval 217) l. 1
[vpex:24639] core @2017-11-23 00:12:54> Entering hook core.error.before in (eval 217) l. 1
[vpex:24639] core @2017-11-23 00:12:54> Entering hook core.error.after in (eval 217) l. 1
[vpex:24639] core @2017-11-23 00:12:55> looking for get / in /usr/share/perl5/Dancer2/Core/App.pm l. 1310
[vpex:24639] core @2017-11-23 00:12:55> Entering hook core.error.init in (eval 217) l. 1
[vpex:24639] core @2017-11-23 00:12:55> Entering hook core.error.before in (eval 217) l. 1
[vpex:24639] core @2017-11-23 00:12:55> Entering hook core.error.after in (eval 217) l. 1
[vpex:24639] core @2017-11-23 00:12:55> Entering hook core.error.init in (eval 217) l. 1
[vpex:24639] core @2017-11-23 00:12:55> Entering hook core.error.before in (eval 217) l. 1
[vpex:24639] core @2017-11-23 00:12:55> Entering hook core.error.after in (eval 217) l. 1
[vpex:24639] core @2017-11-23 00:12:56> looking for get / in /usr/share/perl5/Dancer2/Core/App.pm l. 1310
[vpex:24639] core @2017-11-23 00:12:56> Entering hook core.error.init in (eval 217) l. 1
[vpex:24639] core @2017-11-23 00:12:56> Entering hook core.error.before in (eval 217) l. 1
[vpex:24639] core @2017-11-23 00:12:56> Entering hook core.error.after in (eval 217) l. 1
[vpex:24639] core @2017-11-23 00:12:56> Entering hook core.error.init in (eval 217) l. 1
[vpex:24639] core @2017-11-23 00:12:56> Entering hook core.error.before in (eval 217) l. 1
[vpex:24639] core @2017-11-23 00:12:56> Entering hook core.error.after in (eval 217) l. 1
[vpex:24639] core @2017-11-23 00:12:56> looking for get / in /usr/share/perl5/Dancer2/Core/App.pm l. 1310
[vpex:24639] core @2017-11-23 00:12:56> Entering hook core.error.init in (eval 217) l. 1
[vpex:24639] core @2017-11-23 00:12:56> Entering hook core.error.before in (eval 217) l. 1
[vpex:24639] core @2017-11-23 00:12:56> Entering hook core.error.after in (eval 217) l. 1
[vpex:24639] core @2017-11-23 00:12:56> Entering hook core.error.init in (eval 217) l. 1
[vpex:24639] core @2017-11-23 00:12:56> Entering hook core.error.before in (eval 217) l. 1
[vpex:24639] core @2017-11-23 00:12:56> Entering hook core.error.after in (eval 217) l. 1
[vpex:24639] core @2017-11-23 00:12:56> looking for get / in /usr/share/perl5/Dancer2/Core/App.pm l. 1310
[vpex:24639] core @2017-11-23 00:12:56> Entering hook core.error.init in (eval 217) l. 1
[vpex:24639] core @2017-11-23 00:12:56> Entering hook core.error.before in (eval 217) l. 1
[vpex:24639] core @2017-11-23 00:12:56> Entering hook core.error.after in (eval 217) l. 1
[vpex:24639] core @2017-11-23 00:12:56> Entering hook core.error.init in (eval 217) l. 1
[vpex:24639] core @2017-11-23 00:12:56> Entering hook core.error.before in (eval 217) l. 1
[vpex:24639] core @2017-11-23 00:12:56> Entering hook core.error.after in (eval 217) l. 1
[vpex:24639] core @2017-11-23 00:12:57> looking for get / in /usr/share/perl5/Dancer2/Core/App.pm l. 1310
[vpex:24639] core @2017-11-23 00:12:57> Entering hook core.error.init in (eval 217) l. 1
[vpex:24639] core @2017-11-23 00:12:57> Entering hook core.error.before in (eval 217) l. 1
[vpex:24639] core @2017-11-23 00:12:57> Entering hook core.error.after in (eval 217) l. 1
[vpex:24639] core @2017-11-23 00:12:57> Entering hook core.error.init in (eval 217) l. 1
[vpex:24639] core @2017-11-23 00:12:57> Entering hook core.error.before in (eval 217) l. 1
[vpex:24639] core @2017-11-23 00:12:57> Entering hook core.error.after in (eval 217) l. 1
[vpex:24639] core @2017-11-23 00:12:57> looking for get / in /usr/share/perl5/Dancer2/Core/App.pm l. 1310
[vpex:24639] core @2017-11-23 00:12:57> Entering hook core.error.init in (eval 217) l. 1
[vpex:24639] core @2017-11-23 00:12:57> Entering hook core.error.before in (eval 217) l. 1
[vpex:24639] core @2017-11-23 00:12:57> Entering hook core.error.after in (eval 217) l. 1
[vpex:24639] core @2017-11-23 00:12:57> Entering hook core.error.init in (eval 217) l. 1
[vpex:24639] core @2017-11-23 00:12:57> Entering hook core.error.before in (eval 217) l. 1
[vpex:24639] core @2017-11-23 00:12:57> Entering hook core.error.after in (eval 217) l. 1
[vpex:24639] core @2017-11-23 00:12:57> looking for get / in /usr/share/perl5/Dancer2/Core/App.pm l. 1310
[vpex:24639] core @2017-11-23 00:12:57> Entering hook core.error.init in (eval 217) l. 1
[vpex:24639] core @2017-11-23 00:12:57> Entering hook core.error.before in (eval 217) l. 1
[vpex:24639] core @2017-11-23 00:12:57> Entering hook core.error.after in (eval 217) l. 1
[vpex:24639] core @2017-11-23 00:12:57> Entering hook core.error.init in (eval 217) l. 1
[vpex:24639] core @2017-11-23 00:12:57> Entering hook core.error.before in (eval 217) l. 1
[vpex:24639] core @2017-11-23 00:12:57> Entering hook core.error.after in (eval 217) l. 1
[vpex:24678] core @2017-11-23 00:13:26> looking for get / in /usr/share/perl5/Dancer2/Core/App.pm l. 1310
[vpex:24678] core @2017-11-23 00:13:26> Entering hook core.error.init in (eval 217) l. 1
[vpex:24678] core @2017-11-23 00:13:26> Entering hook core.error.before in (eval 217) l. 1
[vpex:24678] core @2017-11-23 00:13:26> Entering hook core.error.after in (eval 217) l. 1
[vpex:24678] core @2017-11-23 00:13:26> Entering hook core.error.init in (eval 217) l. 1
[vpex:24678] core @2017-11-23 00:13:26> Entering hook core.error.before in (eval 217) l. 1
[vpex:24678] core @2017-11-23 00:13:26> Entering hook core.error.after in (eval 217) l. 1
[vpex:24678] core @2017-11-23 00:14:14> looking for get / in /usr/share/perl5/Dancer2/Core/App.pm l. 1310
[vpex:24678] core @2017-11-23 00:14:14> Entering hook core.error.init in (eval 217) l. 1
[vpex:24678] core @2017-11-23 00:14:14> Entering hook core.error.before in (eval 217) l. 1
[vpex:24678] core @2017-11-23 00:14:14> Entering hook core.error.after in (eval 217) l. 1
[vpex:24678] core @2017-11-23 00:14:14> Entering hook core.error.init in (eval 217) l. 1
[vpex:24678] core @2017-11-23 00:14:14> Entering hook core.error.before in (eval 217) l. 1
[vpex:24678] core @2017-11-23 00:14:14> Entering hook core.error.after in (eval 217) l. 1
[vpex:24678] core @2017-11-23 00:14:14> looking for get /test in /usr/share/perl5/Dancer2/Core/App.pm l. 1310
[vpex:24678] core @2017-11-23 00:14:14> Entering hook core.error.init in (eval 217) l. 1
[vpex:24678] core @2017-11-23 00:14:14> Entering hook core.error.before in (eval 217) l. 1
[vpex:24678] core @2017-11-23 00:14:14> Entering hook core.error.after in (eval 217) l. 1
[vpex:24678] core @2017-11-23 00:14:14> Entering hook core.error.init in (eval 217) l. 1
[vpex:24678] core @2017-11-23 00:14:14> Entering hook core.error.before in (eval 217) l. 1
[vpex:24678] core @2017-11-23 00:14:14> Entering hook core.error.after in (eval 217) l. 1
[vpex:24852] core @2017-11-23 00:15:26> looking for get /vk_pics/1511381724_1.jpg in /usr/share/perl5/Dancer2/Core/App.pm l. 1310
[vpex:24852] core @2017-11-23 00:15:26> Entering hook core.error.init in (eval 217) l. 1
[vpex:24852] core @2017-11-23 00:15:26> Entering hook core.error.before in (eval 217) l. 1
[vpex:24852] core @2017-11-23 00:15:26> Entering hook core.error.after in (eval 217) l. 1
[vpex:24852] core @2017-11-23 00:15:26> Entering hook core.error.init in (eval 217) l. 1
[vpex:24852] core @2017-11-23 00:15:26> Entering hook core.error.before in (eval 217) l. 1
[vpex:24852] core @2017-11-23 00:15:26> Entering hook core.error.after in (eval 217) l. 1
[vpex:24852] core @2017-11-23 00:15:26> looking for get /vk_pics/1511381724_2.jpg in /usr/share/perl5/Dancer2/Core/App.pm l. 1310
[vpex:24852] core @2017-11-23 00:15:26> Entering hook core.error.init in (eval 217) l. 1
[vpex:24852] core @2017-11-23 00:15:26> Entering hook core.error.before in (eval 217) l. 1
[vpex:24852] core @2017-11-23 00:15:26> Entering hook core.error.after in (eval 217) l. 1
[vpex:24852] core @2017-11-23 00:15:26> Entering hook core.error.init in (eval 217) l. 1
[vpex:24852] core @2017-11-23 00:15:26> Entering hook core.error.before in (eval 217) l. 1
[vpex:24852] core @2017-11-23 00:15:26> Entering hook core.error.after in (eval 217) l. 1
[vpex:24852] core @2017-11-23 00:15:26> looking for get /vk_pics/1511381724_3.jpg in /usr/share/perl5/Dancer2/Core/App.pm l. 1310
[vpex:24852] core @2017-11-23 00:15:26> Entering hook core.error.init in (eval 217) l. 1
[vpex:24852] core @2017-11-23 00:15:26> Entering hook core.error.before in (eval 217) l. 1
[vpex:24852] core @2017-11-23 00:15:26> Entering hook core.error.after in (eval 217) l. 1
[vpex:24852] core @2017-11-23 00:15:26> Entering hook core.error.init in (eval 217) l. 1
[vpex:24852] core @2017-11-23 00:15:26> Entering hook core.error.before in (eval 217) l. 1
[vpex:24852] core @2017-11-23 00:15:26> Entering hook core.error.after in (eval 217) l. 1
[vpex:24852] core @2017-11-23 00:15:26> looking for get /vk_pics/1511381725_4.jpg in /usr/share/perl5/Dancer2/Core/App.pm l. 1310
[vpex:24852] core @2017-11-23 00:15:26> Entering hook core.error.init in (eval 217) l. 1
[vpex:24852] core @2017-11-23 00:15:26> Entering hook core.error.before in (eval 217) l. 1
[vpex:24852] core @2017-11-23 00:15:26> Entering hook core.error.after in (eval 217) l. 1
[vpex:24852] core @2017-11-23 00:15:26> Entering hook core.error.init in (eval 217) l. 1
[vpex:24852] core @2017-11-23 00:15:26> Entering hook core.error.before in (eval 217) l. 1
[vpex:24852] core @2017-11-23 00:15:26> Entering hook core.error.after in (eval 217) l. 1
[vpex:24852] core @2017-11-23 00:15:26> looking for get /vk_pics/1511381725_5.jpg in /usr/share/perl5/Dancer2/Core/App.pm l. 1310
[vpex:24852] core @2017-11-23 00:15:26> Entering hook core.error.init in (eval 217) l. 1
[vpex:24852] core @2017-11-23 00:15:26> Entering hook core.error.before in (eval 217) l. 1
[vpex:24852] core @2017-11-23 00:15:26> Entering hook core.error.after in (eval 217) l. 1
[vpex:24852] core @2017-11-23 00:15:26> Entering hook core.error.init in (eval 217) l. 1
[vpex:24852] core @2017-11-23 00:15:26> Entering hook core.error.before in (eval 217) l. 1
[vpex:24852] core @2017-11-23 00:15:26> Entering hook core.error.after in (eval 217) l. 1
[vpex:24852] core @2017-11-23 00:15:26> looking for get /vk_pics/1511381725_6.jpg in /usr/share/perl5/Dancer2/Core/App.pm l. 1310
[vpex:24852] core @2017-11-23 00:15:26> Entering hook core.error.init in (eval 217) l. 1
[vpex:24852] core @2017-11-23 00:15:26> Entering hook core.error.before in (eval 217) l. 1
[vpex:24852] core @2017-11-23 00:15:26> Entering hook core.error.after in (eval 217) l. 1
[vpex:24852] core @2017-11-23 00:15:26> Entering hook core.error.init in (eval 217) l. 1
[vpex:24852] core @2017-11-23 00:15:26> Entering hook core.error.before in (eval 217) l. 1
[vpex:24852] core @2017-11-23 00:15:26> Entering hook core.error.after in (eval 217) l. 1
[vpex:24852] core @2017-11-23 00:15:26> looking for get /vk_pics/1511381725_7.jpg in /usr/share/perl5/Dancer2/Core/App.pm l. 1310
[vpex:24852] core @2017-11-23 00:15:26> Entering hook core.error.init in (eval 217) l. 1
[vpex:24852] core @2017-11-23 00:15:26> Entering hook core.error.before in (eval 217) l. 1
[vpex:24852] core @2017-11-23 00:15:26> Entering hook core.error.after in (eval 217) l. 1
[vpex:24852] core @2017-11-23 00:15:26> Entering hook core.error.init in (eval 217) l. 1
[vpex:24852] core @2017-11-23 00:15:26> Entering hook core.error.before in (eval 217) l. 1
[vpex:24852] core @2017-11-23 00:15:26> Entering hook core.error.after in (eval 217) l. 1
[vpex:24852] core @2017-11-23 00:15:26> looking for get /vk_pics/1511381725_8.jpg in /usr/share/perl5/Dancer2/Core/App.pm l. 1310
[vpex:24852] core @2017-11-23 00:15:26> Entering hook core.error.init in (eval 217) l. 1
[vpex:24852] core @2017-11-23 00:15:26> Entering hook core.error.before in (eval 217) l. 1
[vpex:24852] core @2017-11-23 00:15:26> Entering hook core.error.after in (eval 217) l. 1
[vpex:24852] core @2017-11-23 00:15:26> Entering hook core.error.init in (eval 217) l. 1
[vpex:24852] core @2017-11-23 00:15:26> Entering hook core.error.before in (eval 217) l. 1
[vpex:24852] core @2017-11-23 00:15:26> Entering hook core.error.after in (eval 217) l. 1
[vpex:24852] core @2017-11-23 00:15:26> looking for get /vk_pics/1511381725_9.jpg in /usr/share/perl5/Dancer2/Core/App.pm l. 1310
[vpex:24852] core @2017-11-23 00:15:26> Entering hook core.error.init in (eval 217) l. 1
[vpex:24852] core @2017-11-23 00:15:26> Entering hook core.error.before in (eval 217) l. 1
[vpex:24852] core @2017-11-23 00:15:26> Entering hook core.error.after in (eval 217) l. 1
[vpex:24852] core @2017-11-23 00:15:26> Entering hook core.error.init in (eval 217) l. 1
[vpex:24852] core @2017-11-23 00:15:26> Entering hook core.error.before in (eval 217) l. 1
[vpex:24852] core @2017-11-23 00:15:26> Entering hook core.error.after in (eval 217) l. 1
[vpex:24852] core @2017-11-23 00:15:26> looking for get /vk_pics/1511381726_10.jpg in /usr/share/perl5/Dancer2/Core/App.pm l. 1310
[vpex:24852] core @2017-11-23 00:15:26> Entering hook core.error.init in (eval 217) l. 1
[vpex:24852] core @2017-11-23 00:15:26> Entering hook core.error.before in (eval 217) l. 1
[vpex:24852] core @2017-11-23 00:15:26> Entering hook core.error.after in (eval 217) l. 1
[vpex:24852] core @2017-11-23 00:15:26> Entering hook core.error.init in (eval 217) l. 1
[vpex:24852] core @2017-11-23 00:15:26> Entering hook core.error.before in (eval 217) l. 1
[vpex:24852] core @2017-11-23 00:15:26> Entering hook core.error.after in (eval 217) l. 1
[vpex:24852] core @2017-11-23 00:15:30> looking for get / in /usr/share/perl5/Dancer2/Core/App.pm l. 1310
[vpex:24852] core @2017-11-23 00:15:30> Entering hook core.error.init in (eval 217) l. 1
[vpex:24852] core @2017-11-23 00:15:30> Entering hook core.error.before in (eval 217) l. 1
[vpex:24852] core @2017-11-23 00:15:30> Entering hook core.error.after in (eval 217) l. 1
[vpex:24852] core @2017-11-23 00:15:30> Entering hook core.error.init in (eval 217) l. 1
[vpex:24852] core @2017-11-23 00:15:30> Entering hook core.error.before in (eval 217) l. 1
[vpex:24852] core @2017-11-23 00:15:30> Entering hook core.error.after in (eval 217) l. 1
[vpex:24852] core @2017-11-23 00:15:45> looking for get / in /usr/share/perl5/Dancer2/Core/App.pm l. 1310
[vpex:24852] core @2017-11-23 00:15:45> Entering hook core.error.init in (eval 217) l. 1
[vpex:24852] core @2017-11-23 00:15:45> Entering hook core.error.before in (eval 217) l. 1
[vpex:24852] core @2017-11-23 00:15:45> Entering hook core.error.after in (eval 217) l. 1
[vpex:24852] core @2017-11-23 00:15:45> Entering hook core.error.init in (eval 217) l. 1
[vpex:24852] core @2017-11-23 00:15:45> Entering hook core.error.before in (eval 217) l. 1
[vpex:24852] core @2017-11-23 00:15:45> Entering hook core.error.after in (eval 217) l. 1
[vpex:24941] core @2017-11-23 00:17:16> looking for get /go in /usr/share/perl5/Dancer2/Core/App.pm l. 1310
[vpex:24941] core @2017-11-23 00:17:16> Entering hook core.error.init in (eval 217) l. 1
[vpex:24941] core @2017-11-23 00:17:16> Entering hook core.error.before in (eval 217) l. 1
[vpex:24941] core @2017-11-23 00:17:16> Entering hook core.error.after in (eval 217) l. 1
[vpex:24963] core @2017-11-23 00:17:30> looking for get / in /usr/share/perl5/Dancer2/Core/App.pm l. 1310
[vpex:24963] core @2017-11-23 00:17:30> Entering hook core.error.init in (eval 217) l. 1
[vpex:24963] core @2017-11-23 00:17:30> Entering hook core.error.before in (eval 217) l. 1
[vpex:24963] core @2017-11-23 00:17:30> Entering hook core.error.after in (eval 217) l. 1
[vpex:25002] core @2017-11-23 00:18:24> looking for get / in /usr/share/perl5/Dancer2/Core/App.pm l. 1310
[vpex:25002] core @2017-11-23 00:18:24> Entering hook core.error.init in (eval 217) l. 1
[vpex:25002] core @2017-11-23 00:18:24> Entering hook core.error.before in (eval 217) l. 1
[vpex:25002] core @2017-11-23 00:18:24> Entering hook core.error.after in (eval 217) l. 1
[vpex:25002] core @2017-11-23 00:18:24> Entering hook core.error.init in (eval 217) l. 1
[vpex:25002] core @2017-11-23 00:18:24> Entering hook core.error.before in (eval 217) l. 1
[vpex:25002] core @2017-11-23 00:18:24> Entering hook core.error.after in (eval 217) l. 1
[vpex:25281] core @2017-11-23 00:22:09> looking for get / in /usr/share/perl5/Dancer2/Core/App.pm l. 1310
[vpex:25281] core @2017-11-23 00:22:09> Entering hook core.error.init in (eval 217) l. 1
[vpex:25281] core @2017-11-23 00:22:09> Entering hook core.error.before in (eval 217) l. 1
[vpex:25281] core @2017-11-23 00:22:09> Entering hook core.error.after in (eval 217) l. 1
[vpex:25407] core @2017-11-23 00:23:30> looking for get / in /usr/share/perl5/Dancer2/Core/App.pm l. 1310
[vpex:25407] core @2017-11-23 00:23:30> Entering hook core.error.init in (eval 217) l. 1
[vpex:25407] core @2017-11-23 00:23:30> Entering hook core.error.before in (eval 217) l. 1
[vpex:25407] core @2017-11-23 00:23:30> Entering hook core.error.after in (eval 217) l. 1
